17:31 INFO    : Waveform generator initiated with
  frequency_domain_source_model: bilby.gw.source.lal_binary_neutron_star
  time_domain_source_model: None
  parameter_conversion: bilby.gw.conversion.convert_to_lal_binary_neutron_star_parameters
17:31 INFO    : Injected signal in H1:
17:31 INFO    :   optimal SNR = 55.86
17:31 INFO    :   matched filter SNR = 57.27+0.25j
17:31 INFO    :   mass_1 = 1.5
17:31 INFO    :   mass_2 = 1.3
17:31 INFO    :   chi_1 = 0.02
17:31 INFO    :   chi_2 = 0.02
17:31 INFO    :   luminosity_distance = 40.0
17:31 INFO    :   theta_jn = 2.548180707911721
17:31 INFO    :   psi = 2.6354471705114375
17:31 INFO    :   phase = 1.3
17:31 INFO    :   geocent_time = 1187008882.4
17:31 INFO    :   ra = 3.4461526080628033
17:31 INFO    :   dec = -0.4080824137258022
17:31 INFO    :   lambda_1 = 192.88344251437462
17:31 INFO    :   lambda_2 = 512.597010449546
17:31 INFO    : Injected signal in L1:
17:31 INFO    :   optimal SNR = 46.97
17:31 INFO    :   matched filter SNR = 49.08+0.54j
17:31 INFO    :   mass_1 = 1.5
17:31 INFO    :   mass_2 = 1.3
17:31 INFO    :   chi_1 = 0.02
17:31 INFO    :   chi_2 = 0.02
17:31 INFO    :   luminosity_distance = 40.0
17:31 INFO    :   theta_jn = 2.548180707911721
17:31 INFO    :   psi = 2.6354471705114375
17:31 INFO    :   phase = 1.3
17:31 INFO    :   geocent_time = 1187008882.4
17:31 INFO    :   ra = 3.4461526080628033
17:31 INFO    :   dec = -0.4080824137258022
17:31 INFO    :   lambda_1 = 192.88344251437462
17:31 INFO    :   lambda_2 = 512.597010449546
17:31 INFO    : Injected signal in V1:
17:31 INFO    :   optimal SNR = 15.28
17:31 INFO    :   matched filter SNR = 13.37+0.94j
17:31 INFO    :   mass_1 = 1.5
17:31 INFO    :   mass_2 = 1.3
17:31 INFO    :   chi_1 = 0.02
17:31 INFO    :   chi_2 = 0.02
17:31 INFO    :   luminosity_distance = 40.0
17:31 INFO    :   theta_jn = 2.548180707911721
17:31 INFO    :   psi = 2.6354471705114375
17:31 INFO    :   phase = 1.3
17:31 INFO    :   geocent_time = 1187008882.4
17:31 INFO    :   ra = 3.4461526080628033
17:31 INFO    :   dec = -0.4080824137258022
17:31 INFO    :   lambda_1 = 192.88344251437462
17:31 INFO    :   lambda_2 = 512.597010449546
17:31 INFO    : No prior given, using default BNS priors in /home/alapel/.local/lib/python3.6/site-packages/bilby/gw/prior_files/aligned_spins_bns_tides_on.prior.
17:31 INFO    : Running for label 'bns_eos_mcmc_sampling', output will be saved to 'out'
17:31 INFO    : Performing redundancy check using BBHPriorDict(self).test_redundancy
17:31 INFO    : Performing redundancy check using BBHPriorDict(self).test_redundancy
17:31 INFO    : Performing redundancy check using BBHPriorDict(self).test_redundancy
17:31 INFO    : Performing redundancy check using BBHPriorDict(self).test_redundancy
17:31 INFO    : Performing redundancy check using BBHPriorDict(self).test_redundancy
17:31 INFO    : Performing redundancy check using BBHPriorDict(self).test_redundancy
17:31 INFO    : Performing redundancy check using BBHPriorDict(self).test_redundancy
17:31 INFO    : Performing redundancy check using BBHPriorDict(self).test_redundancy
17:31 INFO    : Performing redundancy check using BBHPriorDict(self).test_redundancy
17:31 INFO    : Performing redundancy check using BBHPriorDict(self).test_redundancy
17:31 INFO    : Performing redundancy check using BBHPriorDict(self).test_redundancy
17:31 INFO    : Performing redundancy check using BBHPriorDict(self).test_redundancy
17:31 INFO    : Performing redundancy check using BBHPriorDict(self).test_redundancy
17:31 INFO    : Performing redundancy check using BBHPriorDict(self).test_redundancy
17:31 INFO    : Performing redundancy check using BBHPriorDict(self).test_redundancy
17:31 INFO    : Performing redundancy check using BBHPriorDict(self).test_redundancy
17:31 INFO    : Performing redundancy check using BBHPriorDict(self).test_redundancy
17:31 INFO    : Performing redundancy check using BBHPriorDict(self).test_redundancy
17:31 INFO    : Performing redundancy check using BBHPriorDict(self).test_redundancy
17:31 INFO    : Performing redundancy check using BBHPriorDict(self).test_redundancy
17:31 INFO    : Using lal version 7.0.0
17:31 INFO    : Using lal git version Branch: None;Tag: lalsuite-v6.76;Id: 384ac5e4b9c95803607658118ba361dfc353dade;;Builder: Unknown User <>;Repository status: UNCLEAN: Modified working tree
17:31 INFO    : Using lalsimulation version 2.2.0
17:31 INFO    : Using lalsimulation git version Branch: None;Tag: lalsuite-v6.76;Id: 384ac5e4b9c95803607658118ba361dfc353dade;;Builder: Unknown User <>;Repository status: UNCLEAN: Modified working tree
17:31 INFO    : Search parameters:
17:31 INFO    :   mass_ratio = Uniform(minimum=0.125, maximum=1, name='mass_ratio', latex_label='$q$', unit=None, boundary=None)
17:31 INFO    :   chirp_mass = Uniform(minimum=0.4, maximum=4.4, name='chirp_mass', latex_label='$\\mathcal{M}$', unit=None, boundary=None)
17:31 INFO    :   lambda_1 = Uniform(minimum=0, maximum=5000, name='lambda_1', latex_label='$\\Lambda_1$', unit=None, boundary=None)
17:31 INFO    :   lambda_2 = Uniform(minimum=0, maximum=5000, name='lambda_2', latex_label='$\\Lambda_2$', unit=None, boundary=None)
17:31 INFO    :   mass1 = Uniform(minimum=1.36, maximum=1.7, name='mass_1', latex_label='$m_1$', unit=None, boundary=None)
17:31 INFO    :   mass2 = Uniform(minimum=1.36, maximum=1.7, name='mass_2', latex_label='$m_2$', unit=None, boundary=None)
17:31 INFO    :   lambda1 = Uniform(minimum=0, maximum=600, name='lambda_1', latex_label='$\\Lambda_1$', unit=None, boundary=None)
17:31 INFO    :   lambda2 = Uniform(minimum=0, maximum=600, name='lambda_2', latex_label='$\\Lambda_2$', unit=None, boundary=None)
17:31 INFO    :   mass_1 = Constraint(minimum=0.5, maximum=5, name='mass_1', latex_label='$m_1$', unit=None)
17:31 INFO    :   mass_2 = Constraint(minimum=0.5, maximum=5, name='mass_2', latex_label='$m_2$', unit=None)
17:31 INFO    :   eos_check = EOSCheck(minimum=-inf, maximum=inf)
17:31 INFO    :   luminosity_distance = 40.0
17:31 INFO    :   dec = -0.4080824137258022
17:31 INFO    :   ra = 3.4461526080628033
17:31 INFO    :   theta_jn = 2.548180707911721
17:31 INFO    :   psi = 2.6354471705114375
17:31 INFO    :   phase = 1.3
17:31 INFO    :   chi_1 = 0.02
17:31 INFO    :   chi_2 = 0.02
17:31 INFO    :   geocent_time = 1187008882.4
17:32 INFO    : Single likelihood evaluation took 5.666e-02 s
17:32 INFO    : Using sampler Dynesty with kwargs {'bound': 'multi', 'sample': 'rwalk', 'verbose': True, 'periodic': None, 'reflective': None, 'check_point_delta_t': 600, 'nlive': 1000, 'first_update': None, 'walks': 100, 'npdim': None, 'rstate': None, 'queue_size': 1, 'pool': None, 'use_pool': None, 'live_points': None, 'logl_args': None, 'logl_kwargs': None, 'ptform_args': None, 'ptform_kwargs': None, 'enlarge': 1.5, 'bootstrap': None, 'vol_dec': 0.5, 'vol_check': 8.0, 'facc': 0.2, 'slices': 5, 'update_interval': 600, 'print_func': <bound method Dynesty._print_func of <bilby.core.sampler.dynesty.Dynesty object at 0x7fd2654013c8>>, 'dlogz': 0.1, 'maxiter': None, 'maxcall': None, 'logl_max': inf, 'add_live': True, 'print_progress': True, 'save_bounds': False, 'n_effective': None, 'maxmcmc': 5000, 'nact': 5}
17:32 INFO    : Checkpoint every check_point_delta_t = 600s
17:32 INFO    : Using dynesty version 1.0.1
17:32 INFO    : Using the bilby-implemented rwalk sample method with ACT estimated walks
17:32 INFO    : Resume file out/bns_eos_mcmc_sampling_resume.pickle does not exist.
17:32 INFO    : Generating initial points from the prior
17:43 INFO    : Written checkpoint file out/bns_eos_mcmc_sampling_resume.pickle
17:54 INFO    : Written checkpoint file out/bns_eos_mcmc_sampling_resume.pickle
17:54 WARNING : singular matrix
17:54 WARNING : Failed to create dynesty state plot at checkpoint
17:54 WARNING : singular matrix
17:54 WARNING : Failed to create dynesty run plot at checkpoint
